2016-04-20 09:18:39,407 [Worker-17] INFO  o.e.m.c.i.l.LifecycleMappingFactory - Using org.eclipse.m2e.jdt.JarLifecycleMapping lifecycle mapping for MavenProject: pe.com.peru:inka-core:1.0 @ F:\ja\www\workspacesDev\peruInka2\inka-core\pom.xml.
2016-04-20 09:18:41,017 [Worker-17] INFO  o.e.m.c.i.embedder.EclipseLogger - Using 'UTF-8' encoding to copy filtered resources.
2016-04-20 09:18:41,032 [Worker-17] INFO  o.e.m.c.i.embedder.EclipseLogger - Copying 0 resource
2016-04-20 09:18:41,032 [Worker-17] INFO  o.e.m.c.i.embedder.EclipseLogger - Using 'UTF-8' encoding to copy filtered resources.
2016-04-20 09:18:41,032 [Worker-17] INFO  o.e.m.c.i.embedder.EclipseLogger - Copying 0 resource
2016-04-20 09:18:41,735 [Worker-17] INFO  o.e.m.c.i.l.LifecycleMappingFactory - Using org.maven.ide.eclipse.wtp.WarLifecycleMapping lifecycle mapping for MavenProject: pe.com.peru:inka-webapp:1.0 @ F:\ja\www\workspacesDev\peruInka2\inka-webapp\pom.xml.
2016-04-20 09:18:42,267 [Worker-17] WARN  o.e.m.c.i.embedder.EclipseLogger - The artifact jstl:jstl:jar:1.1.2 has been relocated to javax.servlet:jstl:jar:1.1.2
2016-04-20 09:18:42,267 [Worker-17] WARN  o.e.m.c.i.embedder.EclipseLogger - The artifact xstream:xstream:jar:1.2.2 has been relocated to com.thoughtworks.xstream:xstream:jar:1.2.2
2016-04-20 09:18:43,626 [Worker-17] WARN  o.e.m.c.i.embedder.EclipseLogger - The artifact jstl:jstl:jar:1.1.2 has been relocated to javax.servlet:jstl:jar:1.1.2
2016-04-20 09:18:43,642 [Worker-17] WARN  o.e.m.c.i.embedder.EclipseLogger - The artifact xstream:xstream:jar:1.2.2 has been relocated to com.thoughtworks.xstream:xstream:jar:1.2.2
2016-04-20 09:18:44,079 [Worker-17] WARN  o.e.m.c.i.embedder.EclipseLogger - Using platform encoding (Cp1252 actually) to copy filtered resources, i.e. build is platform dependent!
2016-04-20 09:18:44,079 [Worker-17] INFO  o.e.m.c.i.embedder.EclipseLogger - Copying 0 resource
2016-04-20 09:18:44,079 [Worker-17] WARN  o.e.m.c.i.embedder.EclipseLogger - Using platform encoding (Cp1252 actually) to copy filtered resources, i.e. build is platform dependent!
2016-04-20 09:18:44,079 [Worker-17] INFO  o.e.m.c.i.embedder.EclipseLogger - skip non existing resourceDirectory F:\ja\www\workspacesDev\peruInka2\inka-webapp\src\test\resources
2016-04-20 09:18:45,064 [Worker-24] INFO  o.e.m.c.i.embedder.EclipseLogger - Using 'UTF-8' encoding to copy filtered resources.
2016-04-20 09:18:45,064 [Worker-24] INFO  o.e.m.c.i.embedder.EclipseLogger - Copying 0 resource
2016-04-20 09:18:45,064 [Worker-24] INFO  o.e.m.c.i.embedder.EclipseLogger - Using 'UTF-8' encoding to copy filtered resources.
2016-04-20 09:18:45,064 [Worker-24] INFO  o.e.m.c.i.embedder.EclipseLogger - Copying 0 resource
2016-04-20 09:18:45,579 [Worker-24] WARN  o.e.m.c.i.embedder.EclipseLogger - The artifact jstl:jstl:jar:1.1.2 has been relocated to javax.servlet:jstl:jar:1.1.2
2016-04-20 09:18:45,579 [Worker-24] WARN  o.e.m.c.i.embedder.EclipseLogger - The artifact xstream:xstream:jar:1.2.2 has been relocated to com.thoughtworks.xstream:xstream:jar:1.2.2
2016-04-20 09:18:45,751 [Worker-24] WARN  o.e.m.c.i.embedder.EclipseLogger - Using platform encoding (Cp1252 actually) to copy filtered resources, i.e. build is platform dependent!
2016-04-20 09:18:45,751 [Worker-24] INFO  o.e.m.c.i.embedder.EclipseLogger - Copying 0 resource
2016-04-20 09:18:45,751 [Worker-24] WARN  o.e.m.c.i.embedder.EclipseLogger - Using platform encoding (Cp1252 actually) to copy filtered resources, i.e. build is platform dependent!
2016-04-20 09:18:45,751 [Worker-24] INFO  o.e.m.c.i.embedder.EclipseLogger - skip non existing resourceDirectory F:\ja\www\workspacesDev\peruInka2\inka-webapp\src\test\resources
2016-04-20 09:19:14,656 [Worker-18] INFO  o.e.m.c.i.embedder.EclipseLogger - Using 'UTF-8' encoding to copy filtered resources.
2016-04-20 09:19:14,656 [Worker-18] INFO  o.e.m.c.i.embedder.EclipseLogger - Copying 0 resource
2016-04-20 09:19:14,656 [Worker-18] INFO  o.e.m.c.i.embedder.EclipseLogger - Using 'UTF-8' encoding to copy filtered resources.
2016-04-20 09:19:14,656 [Worker-18] INFO  o.e.m.c.i.embedder.EclipseLogger - Copying 0 resource
2016-04-20 09:19:14,781 [Worker-18] WARN  o.e.m.c.i.embedder.EclipseLogger - Using platform encoding (Cp1252 actually) to copy filtered resources, i.e. build is platform dependent!
2016-04-20 09:19:14,781 [Worker-18] INFO  o.e.m.c.i.embedder.EclipseLogger - Copying 0 resource
2016-04-20 09:19:14,781 [Worker-18] WARN  o.e.m.c.i.embedder.EclipseLogger - Using platform encoding (Cp1252 actually) to copy filtered resources, i.e. build is platform dependent!
2016-04-20 09:19:14,781 [Worker-18] INFO  o.e.m.c.i.embedder.EclipseLogger - skip non existing resourceDirectory F:\ja\www\workspacesDev\peruInka2\inka-webapp\src\test\resources
2016-04-20 09:19:18,562 [Worker-25] INFO  o.e.m.c.i.embedder.EclipseLogger - Using 'UTF-8' encoding to copy filtered resources.
2016-04-20 09:19:18,562 [Worker-25] INFO  o.e.m.c.i.embedder.EclipseLogger - Copying 0 resource
2016-04-20 09:19:18,562 [Worker-25] INFO  o.e.m.c.i.embedder.EclipseLogger - Using 'UTF-8' encoding to copy filtered resources.
2016-04-20 09:19:18,562 [Worker-25] INFO  o.e.m.c.i.embedder.EclipseLogger - Copying 0 resource
2016-04-20 09:19:30,765 [Worker-17] WARN  o.e.m.c.i.embedder.EclipseLogger - Using platform encoding (Cp1252 actually) to copy filtered resources, i.e. build is platform dependent!
2016-04-20 09:19:30,765 [Worker-17] INFO  o.e.m.c.i.embedder.EclipseLogger - Copying 0 resource
2016-04-20 09:19:30,765 [Worker-17] WARN  o.e.m.c.i.embedder.EclipseLogger - Using platform encoding (Cp1252 actually) to copy filtered resources, i.e. build is platform dependent!
2016-04-20 09:19:30,765 [Worker-17] INFO  o.e.m.c.i.embedder.EclipseLogger - skip non existing resourceDirectory F:\ja\www\workspacesDev\peruInka2\inka-webapp\src\test\resources
2016-04-20 09:20:58,313 [Worker-20] INFO  o.e.m.c.i.l.LifecycleMappingFactory - Using org.eclipse.m2e.jdt.JarLifecycleMapping lifecycle mapping for MavenProject: pe.com.peru:inka-core:1.0 @ F:\ja\www\workspacesDev\peruInka2\pe.com.peru.inka-core\pom.xml.
2016-04-20 09:20:58,813 [Worker-20] INFO  o.e.m.c.i.embedder.EclipseLogger - Using 'UTF-8' encoding to copy filtered resources.
2016-04-20 09:20:58,813 [Worker-20] INFO  o.e.m.c.i.embedder.EclipseLogger - Copying 0 resource
2016-04-20 09:20:58,813 [Worker-20] INFO  o.e.m.c.i.embedder.EclipseLogger - Using 'UTF-8' encoding to copy filtered resources.
2016-04-20 09:20:58,813 [Worker-20] INFO  o.e.m.c.i.embedder.EclipseLogger - Copying 0 resource
2016-04-20 09:20:58,938 [Worker-20] WARN  o.e.m.c.i.embedder.EclipseLogger - Using platform encoding (Cp1252 actually) to copy filtered resources, i.e. build is platform dependent!
2016-04-20 09:20:58,938 [Worker-20] INFO  o.e.m.c.i.embedder.EclipseLogger - Copying 0 resource
2016-04-20 09:20:58,938 [Worker-20] WARN  o.e.m.c.i.embedder.EclipseLogger - Using platform encoding (Cp1252 actually) to copy filtered resources, i.e. build is platform dependent!
2016-04-20 09:20:58,938 [Worker-20] INFO  o.e.m.c.i.embedder.EclipseLogger - skip non existing resourceDirectory F:\ja\www\workspacesDev\peruInka2\inka-webapp\src\test\resources
2016-04-20 09:21:03,235 [Worker-20] INFO  o.e.m.c.i.embedder.EclipseLogger - Using 'UTF-8' encoding to copy filtered resources.
2016-04-20 09:21:03,235 [Worker-20] INFO  o.e.m.c.i.embedder.EclipseLogger - Copying 0 resource
2016-04-20 09:21:03,235 [Worker-20] INFO  o.e.m.c.i.embedder.EclipseLogger - Using 'UTF-8' encoding to copy filtered resources.
2016-04-20 09:21:03,235 [Worker-20] INFO  o.e.m.c.i.embedder.EclipseLogger - Copying 0 resource
2016-04-20 09:21:13,266 [Worker-25] INFO  o.e.m.c.i.l.LifecycleMappingFactory - Using org.maven.ide.eclipse.wtp.WarLifecycleMapping lifecycle mapping for MavenProject: pe.com.peru:inka-webapp:1.0 @ F:\ja\www\workspacesDev\peruInka2\pe.com.peru.inka-webapp\pom.xml.
2016-04-20 09:21:13,907 [Worker-25] WARN  o.e.m.c.i.embedder.EclipseLogger - The artifact jstl:jstl:jar:1.1.2 has been relocated to javax.servlet:jstl:jar:1.1.2
2016-04-20 09:21:13,907 [Worker-25] WARN  o.e.m.c.i.embedder.EclipseLogger - The artifact xstream:xstream:jar:1.2.2 has been relocated to com.thoughtworks.xstream:xstream:jar:1.2.2
2016-04-20 09:21:14,360 [Worker-25] WARN  o.e.m.c.i.embedder.EclipseLogger - Using platform encoding (Cp1252 actually) to copy filtered resources, i.e. build is platform dependent!
2016-04-20 09:21:14,360 [Worker-25] INFO  o.e.m.c.i.embedder.EclipseLogger - Copying 0 resource
2016-04-20 09:21:14,360 [Worker-25] WARN  o.e.m.c.i.embedder.EclipseLogger - Using platform encoding (Cp1252 actually) to copy filtered resources, i.e. build is platform dependent!
2016-04-20 09:21:14,360 [Worker-25] INFO  o.e.m.c.i.embedder.EclipseLogger - skip non existing resourceDirectory F:\ja\www\workspacesDev\peruInka2\pe.com.peru.inka-webapp\src\test\resources
2016-04-20 09:21:16,532 [Worker-20] WARN  o.e.m.c.i.embedder.EclipseLogger - The artifact jstl:jstl:jar:1.1.2 has been relocated to javax.servlet:jstl:jar:1.1.2
2016-04-20 09:21:16,532 [Worker-20] WARN  o.e.m.c.i.embedder.EclipseLogger - The artifact xstream:xstream:jar:1.2.2 has been relocated to com.thoughtworks.xstream:xstream:jar:1.2.2
2016-04-20 09:21:16,704 [Worker-20] WARN  o.e.m.c.i.embedder.EclipseLogger - Using platform encoding (Cp1252 actually) to copy filtered resources, i.e. build is platform dependent!
2016-04-20 09:21:16,704 [Worker-20] INFO  o.e.m.c.i.embedder.EclipseLogger - Copying 0 resource
2016-04-20 09:21:16,704 [Worker-20] WARN  o.e.m.c.i.embedder.EclipseLogger - Using platform encoding (Cp1252 actually) to copy filtered resources, i.e. build is platform dependent!
2016-04-20 09:21:16,704 [Worker-20] INFO  o.e.m.c.i.embedder.EclipseLogger - skip non existing resourceDirectory F:\ja\www\workspacesDev\peruInka2\pe.com.peru.inka-webapp\src\test\resources
2016-04-20 09:22:24,686 [Worker-17] INFO  o.e.m.c.i.l.LifecycleMappingFactory - Using org.maven.ide.eclipse.wtp.WarLifecycleMapping lifecycle mapping for MavenProject: pe.com.peru:peru.inka-webapp:1.0 @ F:\ja\www\workspacesDev\peruInka2\pe.com.peru.inka-webapp\pom.xml.
2016-04-20 09:22:25,155 [Worker-17] WARN  o.e.m.c.i.embedder.EclipseLogger - The artifact jstl:jstl:jar:1.1.2 has been relocated to javax.servlet:jstl:jar:1.1.2
2016-04-20 09:22:25,155 [Worker-17] WARN  o.e.m.c.i.embedder.EclipseLogger - The artifact xstream:xstream:jar:1.2.2 has been relocated to com.thoughtworks.xstream:xstream:jar:1.2.2
2016-04-20 09:22:25,405 [Worker-17] WARN  o.e.m.c.i.embedder.EclipseLogger - The artifact jstl:jstl:jar:1.1.2 has been relocated to javax.servlet:jstl:jar:1.1.2
2016-04-20 09:22:25,405 [Worker-17] WARN  o.e.m.c.i.embedder.EclipseLogger - The artifact xstream:xstream:jar:1.2.2 has been relocated to com.thoughtworks.xstream:xstream:jar:1.2.2
2016-04-20 09:22:26,264 [Worker-17] WARN  o.e.m.c.i.embedder.EclipseLogger - The artifact jstl:jstl:jar:1.1.2 has been relocated to javax.servlet:jstl:jar:1.1.2
2016-04-20 09:22:26,264 [Worker-17] WARN  o.e.m.c.i.embedder.EclipseLogger - The artifact xstream:xstream:jar:1.2.2 has been relocated to com.thoughtworks.xstream:xstream:jar:1.2.2
2016-04-20 09:22:26,749 [Worker-17] WARN  o.e.m.c.i.embedder.EclipseLogger - Using platform encoding (Cp1252 actually) to copy filtered resources, i.e. build is platform dependent!
2016-04-20 09:22:26,749 [Worker-17] INFO  o.e.m.c.i.embedder.EclipseLogger - Copying 0 resource
2016-04-20 09:22:26,749 [Worker-17] WARN  o.e.m.c.i.embedder.EclipseLogger - Using platform encoding (Cp1252 actually) to copy filtered resources, i.e. build is platform dependent!
2016-04-20 09:22:26,749 [Worker-17] INFO  o.e.m.c.i.embedder.EclipseLogger - skip non existing resourceDirectory F:\ja\www\workspacesDev\peruInka2\pe.com.peru.inka-webapp\src\test\resources
2016-04-20 09:22:26,780 [Worker-17] INFO  o.e.m.w.i.f.ResourceFilteringBuildParticipant - Changed resources require a complete clean of filtered resources of pe.com.peru.inka-webapp
2016-04-20 09:22:26,780 [Worker-17] INFO  o.e.m.w.i.f.ResourceFilteringBuildParticipant - Executing resource filtering for pe.com.peru.inka-webapp
2016-04-20 09:22:26,780 [Worker-17] WARN  o.e.m.c.i.embedder.EclipseLogger - Using platform encoding (Cp1252 actually) to copy filtered resources, i.e. build is platform dependent!
2016-04-20 09:23:22,429 [Worker-18] INFO  o.e.m.c.i.l.LifecycleMappingFactory - Using org.eclipse.m2e.jdt.JarLifecycleMapping lifecycle mapping for MavenProject: pe.com.peru:peru.inka-core:1.0 @ F:\ja\www\workspacesDev\peruInka2\pe.com.peru.inka-core\pom.xml.
2016-04-20 09:23:23,195 [Worker-18] INFO  o.e.m.c.i.embedder.EclipseLogger - Using 'UTF-8' encoding to copy filtered resources.
2016-04-20 09:23:23,195 [Worker-18] INFO  o.e.m.c.i.embedder.EclipseLogger - Copying 0 resource
2016-04-20 09:23:23,195 [Worker-18] INFO  o.e.m.c.i.embedder.EclipseLogger - Using 'UTF-8' encoding to copy filtered resources.
2016-04-20 09:23:23,195 [Worker-18] INFO  o.e.m.c.i.embedder.EclipseLogger - Copying 0 resource
2016-04-20 09:25:14,337 [Worker-25] WARN  o.e.m.c.i.embedder.EclipseLogger - The artifact jstl:jstl:jar:1.1.2 has been relocated to javax.servlet:jstl:jar:1.1.2
2016-04-20 09:25:14,337 [Worker-25] WARN  o.e.m.c.i.embedder.EclipseLogger - The artifact xstream:xstream:jar:1.2.2 has been relocated to com.thoughtworks.xstream:xstream:jar:1.2.2
2016-04-20 09:25:15,196 [Worker-25] WARN  o.e.m.c.i.embedder.EclipseLogger - The artifact jstl:jstl:jar:1.1.2 has been relocated to javax.servlet:jstl:jar:1.1.2
2016-04-20 09:25:15,196 [Worker-25] WARN  o.e.m.c.i.embedder.EclipseLogger - The artifact xstream:xstream:jar:1.2.2 has been relocated to com.thoughtworks.xstream:xstream:jar:1.2.2
2016-04-20 09:26:12,158 [Worker-27] WARN  o.e.m.c.i.embedder.EclipseLogger - The artifact jstl:jstl:jar:1.1.2 has been relocated to javax.servlet:jstl:jar:1.1.2
2016-04-20 09:26:12,158 [Worker-27] WARN  o.e.m.c.i.embedder.EclipseLogger - The artifact xstream:xstream:jar:1.2.2 has been relocated to com.thoughtworks.xstream:xstream:jar:1.2.2
2016-04-20 09:26:12,502 [Worker-9] WARN  o.e.m.c.i.embedder.EclipseLogger - The artifact jstl:jstl:jar:1.1.2 has been relocated to javax.servlet:jstl:jar:1.1.2
2016-04-20 09:26:12,502 [Worker-9] WARN  o.e.m.c.i.embedder.EclipseLogger - The artifact xstream:xstream:jar:1.2.2 has been relocated to com.thoughtworks.xstream:xstream:jar:1.2.2
2016-04-20 09:26:12,705 [Worker-9] WARN  o.e.m.c.i.embedder.EclipseLogger - Using platform encoding (Cp1252 actually) to copy filtered resources, i.e. build is platform dependent!
2016-04-20 09:26:12,705 [Worker-9] INFO  o.e.m.c.i.embedder.EclipseLogger - Copying 0 resource
2016-04-20 09:26:12,705 [Worker-9] WARN  o.e.m.c.i.embedder.EclipseLogger - Using platform encoding (Cp1252 actually) to copy filtered resources, i.e. build is platform dependent!
2016-04-20 09:26:12,705 [Worker-9] INFO  o.e.m.c.i.embedder.EclipseLogger - skip non existing resourceDirectory F:\ja\www\workspacesDev\peruInka2\pe.com.peru.inka-webapp\src\test\resources
2016-04-20 09:26:12,955 [Worker-27] WARN  o.e.m.c.i.embedder.EclipseLogger - The artifact jstl:jstl:jar:1.1.2 has been relocated to javax.servlet:jstl:jar:1.1.2
2016-04-20 09:26:12,955 [Worker-27] WARN  o.e.m.c.i.embedder.EclipseLogger - The artifact xstream:xstream:jar:1.2.2 has been relocated to com.thoughtworks.xstream:xstream:jar:1.2.2
2016-04-20 09:26:45,909 [Worker-22] WARN  o.e.m.c.i.embedder.EclipseLogger - Using platform encoding (Cp1252 actually) to copy filtered resources, i.e. build is platform dependent!
2016-04-20 09:26:45,909 [Worker-22] INFO  o.e.m.c.i.embedder.EclipseLogger - Copying 0 resource
2016-04-20 09:26:45,909 [Worker-22] WARN  o.e.m.c.i.embedder.EclipseLogger - Using platform encoding (Cp1252 actually) to copy filtered resources, i.e. build is platform dependent!
2016-04-20 09:26:45,909 [Worker-22] INFO  o.e.m.c.i.embedder.EclipseLogger - skip non existing resourceDirectory F:\ja\www\workspacesDev\peruInka2\pe.com.peru.inka-webapp\src\test\resources
2016-04-20 09:30:41,079 [Worker-29] WARN  o.e.m.c.i.embedder.EclipseLogger - Using platform encoding (Cp1252 actually) to copy filtered resources, i.e. build is platform dependent!
2016-04-20 09:30:41,095 [Worker-29] INFO  o.e.m.c.i.embedder.EclipseLogger - Copying 0 resource
2016-04-20 09:30:41,095 [Worker-29] WARN  o.e.m.c.i.embedder.EclipseLogger - Using platform encoding (Cp1252 actually) to copy filtered resources, i.e. build is platform dependent!
2016-04-20 09:30:41,095 [Worker-29] INFO  o.e.m.c.i.embedder.EclipseLogger - skip non existing resourceDirectory F:\ja\www\workspacesDev\peruInka2\pe.com.peru.inka-webapp\src\test\resources
2016-04-20 09:31:36,580 [Worker-32] INFO  o.e.m.c.i.embedder.EclipseLogger - Using 'UTF-8' encoding to copy filtered resources.
2016-04-20 09:31:36,580 [Worker-32] INFO  o.e.m.c.i.embedder.EclipseLogger - Copying 0 resource
2016-04-20 09:31:36,580 [Worker-32] INFO  o.e.m.c.i.embedder.EclipseLogger - Using 'UTF-8' encoding to copy filtered resources.
2016-04-20 09:31:36,580 [Worker-32] INFO  o.e.m.c.i.embedder.EclipseLogger - Copying 0 resource
2016-04-20 09:32:28,984 [Worker-30] INFO  o.e.m.c.i.embedder.EclipseLogger - Using 'UTF-8' encoding to copy filtered resources.
2016-04-20 09:32:28,984 [Worker-30] INFO  o.e.m.c.i.embedder.EclipseLogger - Copying 0 resource
2016-04-20 09:32:28,984 [Worker-30] INFO  o.e.m.c.i.embedder.EclipseLogger - Using 'UTF-8' encoding to copy filtered resources.
2016-04-20 09:32:28,984 [Worker-30] INFO  o.e.m.c.i.embedder.EclipseLogger - Copying 0 resource
2016-04-20 09:32:44,828 [Worker-35] INFO  o.e.m.c.i.embedder.EclipseLogger - Using 'UTF-8' encoding to copy filtered resources.
2016-04-20 09:32:44,828 [Worker-35] INFO  o.e.m.c.i.embedder.EclipseLogger - Copying 0 resource
2016-04-20 09:32:44,828 [Worker-35] INFO  o.e.m.c.i.embedder.EclipseLogger - Using 'UTF-8' encoding to copy filtered resources.
2016-04-20 09:32:44,843 [Worker-35] INFO  o.e.m.c.i.embedder.EclipseLogger - Copying 0 resource
2016-04-20 09:36:22,860 [Worker-29] WARN  o.e.m.c.i.embedder.EclipseLogger - Using platform encoding (Cp1252 actually) to copy filtered resources, i.e. build is platform dependent!
2016-04-20 09:36:22,860 [Worker-29] INFO  o.e.m.c.i.embedder.EclipseLogger - Copying 0 resource
2016-04-20 09:36:22,860 [Worker-29] WARN  o.e.m.c.i.embedder.EclipseLogger - Using platform encoding (Cp1252 actually) to copy filtered resources, i.e. build is platform dependent!
2016-04-20 09:36:22,860 [Worker-29] INFO  o.e.m.c.i.embedder.EclipseLogger - skip non existing resourceDirectory F:\ja\www\workspacesDev\peruInka2\pe.com.peru.inka-webapp\src\test\resources
2016-04-20 09:36:26,438 [Worker-35] WARN  o.e.m.c.i.embedder.EclipseLogger - Using platform encoding (Cp1252 actually) to copy filtered resources, i.e. build is platform dependent!
2016-04-20 09:36:26,438 [Worker-35] INFO  o.e.m.c.i.embedder.EclipseLogger - Copying 0 resource
2016-04-20 09:36:26,438 [Worker-35] WARN  o.e.m.c.i.embedder.EclipseLogger - Using platform encoding (Cp1252 actually) to copy filtered resources, i.e. build is platform dependent!
2016-04-20 09:36:26,438 [Worker-35] INFO  o.e.m.c.i.embedder.EclipseLogger - skip non existing resourceDirectory F:\ja\www\workspacesDev\peruInka2\pe.com.peru.inka-webapp\src\test\resources
2016-04-20 09:36:30,141 [Worker-35] WARN  o.e.m.c.i.embedder.EclipseLogger - Using platform encoding (Cp1252 actually) to copy filtered resources, i.e. build is platform dependent!
2016-04-20 09:36:30,141 [Worker-35] INFO  o.e.m.c.i.embedder.EclipseLogger - Copying 0 resource
2016-04-20 09:36:30,141 [Worker-35] WARN  o.e.m.c.i.embedder.EclipseLogger - Using platform encoding (Cp1252 actually) to copy filtered resources, i.e. build is platform dependent!
2016-04-20 09:36:30,141 [Worker-35] INFO  o.e.m.c.i.embedder.EclipseLogger - skip non existing resourceDirectory F:\ja\www\workspacesDev\peruInka2\pe.com.peru.inka-webapp\src\test\resources
2016-04-20 09:37:31,861 [Worker-37] INFO  o.e.m.c.i.embedder.EclipseLogger - Using 'UTF-8' encoding to copy filtered resources.
2016-04-20 09:37:31,861 [Worker-37] INFO  o.e.m.c.i.embedder.EclipseLogger - Copying 0 resource
2016-04-20 09:37:31,861 [Worker-37] INFO  o.e.m.c.i.embedder.EclipseLogger - Using 'UTF-8' encoding to copy filtered resources.
2016-04-20 09:37:31,876 [Worker-37] INFO  o.e.m.c.i.embedder.EclipseLogger - Copying 0 resource
2016-04-20 09:44:39,562 [Worker-41] INFO  o.e.m.c.i.embedder.EclipseLogger - Using 'UTF-8' encoding to copy filtered resources.
2016-04-20 09:44:39,562 [Worker-41] INFO  o.e.m.c.i.embedder.EclipseLogger - Copying 0 resource
2016-04-20 09:44:39,562 [Worker-41] INFO  o.e.m.c.i.embedder.EclipseLogger - Using 'UTF-8' encoding to copy filtered resources.
2016-04-20 09:44:39,562 [Worker-41] INFO  o.e.m.c.i.embedder.EclipseLogger - Copying 0 resource
2016-04-20 09:44:39,609 [Worker-41] WARN  o.e.m.c.i.embedder.EclipseLogger - Using platform encoding (Cp1252 actually) to copy filtered resources, i.e. build is platform dependent!
2016-04-20 09:44:39,609 [Worker-41] INFO  o.e.m.c.i.embedder.EclipseLogger - Copying 0 resource
2016-04-20 09:44:39,609 [Worker-41] WARN  o.e.m.c.i.embedder.EclipseLogger - Using platform encoding (Cp1252 actually) to copy filtered resources, i.e. build is platform dependent!
2016-04-20 09:44:39,609 [Worker-41] INFO  o.e.m.c.i.embedder.EclipseLogger - skip non existing resourceDirectory F:\ja\www\workspacesDev\peruInka2\pe.com.peru.inka-webapp\src\test\resources
2016-04-20 09:48:41,532 [Worker-44] INFO  o.e.m.c.i.embedder.EclipseLogger - Using 'UTF-8' encoding to copy filtered resources.
2016-04-20 09:48:41,532 [Worker-44] INFO  o.e.m.c.i.embedder.EclipseLogger - Copying 0 resource
2016-04-20 09:48:41,532 [Worker-44] INFO  o.e.m.c.i.embedder.EclipseLogger - Using 'UTF-8' encoding to copy filtered resources.
2016-04-20 09:48:41,532 [Worker-44] INFO  o.e.m.c.i.embedder.EclipseLogger - Copying 0 resource
2016-04-20 09:48:41,563 [Worker-44] WARN  o.e.m.c.i.embedder.EclipseLogger - Using platform encoding (Cp1252 actually) to copy filtered resources, i.e. build is platform dependent!
2016-04-20 09:48:41,563 [Worker-44] INFO  o.e.m.c.i.embedder.EclipseLogger - Copying 0 resource
2016-04-20 09:48:41,563 [Worker-44] WARN  o.e.m.c.i.embedder.EclipseLogger - Using platform encoding (Cp1252 actually) to copy filtered resources, i.e. build is platform dependent!
2016-04-20 09:48:41,563 [Worker-44] INFO  o.e.m.c.i.embedder.EclipseLogger - skip non existing resourceDirectory F:\ja\www\workspacesDev\peruInka2\pe.com.peru.inka-webapp\src\test\resources
2016-04-20 09:52:55,878 [Worker-43] WARN  o.e.m.c.i.embedder.EclipseLogger - Using platform encoding (Cp1252 actually) to copy filtered resources, i.e. build is platform dependent!
2016-04-20 09:52:55,878 [Worker-43] INFO  o.e.m.c.i.embedder.EclipseLogger - Copying 0 resource
2016-04-20 09:52:55,878 [Worker-43] WARN  o.e.m.c.i.embedder.EclipseLogger - Using platform encoding (Cp1252 actually) to copy filtered resources, i.e. build is platform dependent!
2016-04-20 09:52:55,878 [Worker-43] INFO  o.e.m.c.i.embedder.EclipseLogger - skip non existing resourceDirectory F:\ja\www\workspacesDev\peruInka2\pe.com.peru.inka-webapp\src\test\resources
2016-04-20 09:53:48,066 [Worker-40] WARN  o.e.m.c.i.embedder.EclipseLogger - Using platform encoding (Cp1252 actually) to copy filtered resources, i.e. build is platform dependent!
2016-04-20 09:53:48,066 [Worker-40] INFO  o.e.m.c.i.embedder.EclipseLogger - Copying 0 resource
2016-04-20 09:53:48,066 [Worker-40] WARN  o.e.m.c.i.embedder.EclipseLogger - Using platform encoding (Cp1252 actually) to copy filtered resources, i.e. build is platform dependent!
2016-04-20 09:53:48,066 [Worker-40] INFO  o.e.m.c.i.embedder.EclipseLogger - skip non existing resourceDirectory F:\ja\www\workspacesDev\peruInka2\pe.com.peru.inka-webapp\src\test\resources
2016-04-20 09:55:23,673 [Worker-49] WARN  o.e.m.c.i.embedder.EclipseLogger - Using platform encoding (Cp1252 actually) to copy filtered resources, i.e. build is platform dependent!
2016-04-20 09:55:23,673 [Worker-49] INFO  o.e.m.c.i.embedder.EclipseLogger - Copying 0 resource
2016-04-20 09:55:23,673 [Worker-49] WARN  o.e.m.c.i.embedder.EclipseLogger - Using platform encoding (Cp1252 actually) to copy filtered resources, i.e. build is platform dependent!
2016-04-20 09:55:23,673 [Worker-49] INFO  o.e.m.c.i.embedder.EclipseLogger - skip non existing resourceDirectory F:\ja\www\workspacesDev\peruInka2\pe.com.peru.inka-webapp\src\test\resources
2016-04-20 09:55:43,392 [Worker-43] WARN  o.e.m.c.i.embedder.EclipseLogger - Using platform encoding (Cp1252 actually) to copy filtered resources, i.e. build is platform dependent!
2016-04-20 09:55:43,392 [Worker-43] INFO  o.e.m.c.i.embedder.EclipseLogger - Copying 0 resource
2016-04-20 09:55:43,392 [Worker-43] WARN  o.e.m.c.i.embedder.EclipseLogger - Using platform encoding (Cp1252 actually) to copy filtered resources, i.e. build is platform dependent!
2016-04-20 09:55:43,392 [Worker-43] INFO  o.e.m.c.i.embedder.EclipseLogger - skip non existing resourceDirectory F:\ja\www\workspacesDev\peruInka2\pe.com.peru.inka-webapp\src\test\resources
2016-04-20 09:56:37,986 [Worker-40] WARN  o.e.m.c.i.embedder.EclipseLogger - Using platform encoding (Cp1252 actually) to copy filtered resources, i.e. build is platform dependent!
2016-04-20 09:56:37,986 [Worker-40] INFO  o.e.m.c.i.embedder.EclipseLogger - Copying 0 resource
2016-04-20 09:56:37,986 [Worker-40] WARN  o.e.m.c.i.embedder.EclipseLogger - Using platform encoding (Cp1252 actually) to copy filtered resources, i.e. build is platform dependent!
2016-04-20 09:56:37,986 [Worker-40] INFO  o.e.m.c.i.embedder.EclipseLogger - skip non existing resourceDirectory F:\ja\www\workspacesDev\peruInka2\pe.com.peru.inka-webapp\src\test\resources
2016-04-20 09:57:45,659 [Worker-46] INFO  o.e.m.i.launch.MavenLaunchDelegate - F:\ja\www\workspacesDev\peruInka2\pe.com.peru.inka-core
2016-04-20 09:57:45,659 [Worker-46] INFO  o.e.m.i.launch.MavenLaunchDelegate -  mvn  -B clean
2016-04-20 09:57:47,566 [Worker-53] INFO  o.e.m.c.i.embedder.EclipseLogger - Using 'UTF-8' encoding to copy filtered resources.
2016-04-20 09:57:47,566 [Worker-53] INFO  o.e.m.c.i.embedder.EclipseLogger - Copying 0 resource
2016-04-20 09:57:47,581 [Worker-53] INFO  o.e.m.c.i.embedder.EclipseLogger - Using 'UTF-8' encoding to copy filtered resources.
2016-04-20 09:57:47,581 [Worker-53] INFO  o.e.m.c.i.embedder.EclipseLogger - Copying 0 resource
2016-04-20 09:57:55,253 [Worker-50] INFO  o.e.m.i.launch.MavenLaunchDelegate - F:\ja\www\workspacesDev\peruInka2\pe.com.peru.inka-webapp
2016-04-20 09:57:55,253 [Worker-50] INFO  o.e.m.i.launch.MavenLaunchDelegate -  mvn  -B clean
2016-04-20 09:57:56,943 [Worker-46] WARN  o.e.m.c.i.embedder.EclipseLogger - Using platform encoding (Cp1252 actually) to copy filtered resources, i.e. build is platform dependent!
2016-04-20 09:57:56,943 [Worker-46] INFO  o.e.m.c.i.embedder.EclipseLogger - Copying 0 resource
2016-04-20 09:57:56,943 [Worker-46] WARN  o.e.m.c.i.embedder.EclipseLogger - Using platform encoding (Cp1252 actually) to copy filtered resources, i.e. build is platform dependent!
2016-04-20 09:57:56,943 [Worker-46] INFO  o.e.m.c.i.embedder.EclipseLogger - skip non existing resourceDirectory F:\ja\www\workspacesDev\peruInka2\pe.com.peru.inka-webapp\src\test\resources
2016-04-20 09:57:56,943 [Worker-46] INFO  o.e.m.w.i.f.ResourceFilteringBuildParticipant - Changed resources require a complete clean of filtered resources of pe.com.peru.inka-webapp
2016-04-20 09:57:56,943 [Worker-46] INFO  o.e.m.w.i.f.ResourceFilteringBuildParticipant - Executing resource filtering for pe.com.peru.inka-webapp
2016-04-20 09:57:56,974 [Worker-46] WARN  o.e.m.c.i.embedder.EclipseLogger - Using platform encoding (Cp1252 actually) to copy filtered resources, i.e. build is platform dependent!
2016-04-20 09:58:10,172 [main] INFO  o.e.m2e.actions.ExecutePomAction - Creating new launch configuration
2016-04-20 09:58:20,219 [Worker-51] INFO  o.e.m.i.launch.MavenLaunchDelegate - F:\ja\www\workspacesDev\peruInka2\pe.com.peru.inka-core
2016-04-20 09:58:20,219 [Worker-51] INFO  o.e.m.i.launch.MavenLaunchDelegate -  mvn  -B -Dmaven.test.skip=true -DskipTests clean install
2016-04-20 09:58:30,141 [main] INFO  o.e.m2e.actions.ExecutePomAction - Creating new launch configuration
2016-04-20 09:58:35,251 [Worker-53] INFO  o.e.m.i.launch.MavenLaunchDelegate - F:\ja\www\workspacesDev\peruInka2\pe.com.peru.inka-webapp
2016-04-20 09:58:35,251 [Worker-53] INFO  o.e.m.i.launch.MavenLaunchDelegate -  mvn  -B clean install
2016-04-20 09:59:38,585 [Worker-54] WARN  o.e.m.c.i.embedder.EclipseLogger - Using platform encoding (Cp1252 actually) to copy filtered resources, i.e. build is platform dependent!
2016-04-20 09:59:38,585 [Worker-54] INFO  o.e.m.c.i.embedder.EclipseLogger - Copying 0 resource
2016-04-20 09:59:38,585 [Worker-54] WARN  o.e.m.c.i.embedder.EclipseLogger - Using platform encoding (Cp1252 actually) to copy filtered resources, i.e. build is platform dependent!
2016-04-20 09:59:38,585 [Worker-54] INFO  o.e.m.c.i.embedder.EclipseLogger - skip non existing resourceDirectory F:\ja\www\workspacesDev\peruInka2\pe.com.peru.inka-webapp\src\test\resources
2016-04-20 09:59:53,522 [main] INFO  o.e.m2e.actions.ExecutePomAction - Using existing launch configuration
2016-04-20 09:59:53,585 [Worker-40] INFO  o.e.m.i.launch.MavenLaunchDelegate - F:\ja\www\workspacesDev\peruInka2\pe.com.peru.inka-webapp
2016-04-20 09:59:53,585 [Worker-40] INFO  o.e.m.i.launch.MavenLaunchDelegate -  mvn  -B clean install
2016-04-20 10:02:45,392 [Worker-57] WARN  o.e.m.c.i.embedder.EclipseLogger - Using platform encoding (Cp1252 actually) to copy filtered resources, i.e. build is platform dependent!
2016-04-20 10:02:45,392 [Worker-57] INFO  o.e.m.c.i.embedder.EclipseLogger - Copying 0 resource
2016-04-20 10:02:45,392 [Worker-57] WARN  o.e.m.c.i.embedder.EclipseLogger - Using platform encoding (Cp1252 actually) to copy filtered resources, i.e. build is platform dependent!
2016-04-20 10:02:45,392 [Worker-57] INFO  o.e.m.c.i.embedder.EclipseLogger - skip non existing resourceDirectory F:\ja\www\workspacesDev\peruInka2\pe.com.peru.inka-webapp\src\test\resources
2016-04-20 10:07:24,627 [Worker-60] INFO  o.e.m.c.i.embedder.EclipseLogger - Using 'UTF-8' encoding to copy filtered resources.
2016-04-20 10:07:24,627 [Worker-60] INFO  o.e.m.c.i.embedder.EclipseLogger - Copying 0 resource
2016-04-20 10:07:24,627 [Worker-60] INFO  o.e.m.c.i.embedder.EclipseLogger - Using 'UTF-8' encoding to copy filtered resources.
2016-04-20 10:07:24,627 [Worker-60] INFO  o.e.m.c.i.embedder.EclipseLogger - Copying 0 resource
2016-04-20 10:07:24,705 [Worker-59] WARN  o.e.m.c.i.embedder.EclipseLogger - Using platform encoding (Cp1252 actually) to copy filtered resources, i.e. build is platform dependent!
2016-04-20 10:07:24,705 [Worker-59] INFO  o.e.m.c.i.embedder.EclipseLogger - Copying 0 resource
2016-04-20 10:07:24,705 [Worker-59] WARN  o.e.m.c.i.embedder.EclipseLogger - Using platform encoding (Cp1252 actually) to copy filtered resources, i.e. build is platform dependent!
2016-04-20 10:07:24,705 [Worker-59] INFO  o.e.m.c.i.embedder.EclipseLogger - skip non existing resourceDirectory F:\ja\www\workspacesDev\peruInka2\pe.com.peru.inka-webapp\src\test\resources
2016-04-20 10:15:16,857 [Worker-53] WARN  o.e.m.c.i.embedder.EclipseLogger - Using platform encoding (Cp1252 actually) to copy filtered resources, i.e. build is platform dependent!
2016-04-20 10:15:16,857 [Worker-53] INFO  o.e.m.c.i.embedder.EclipseLogger - Copying 0 resource
2016-04-20 10:15:16,857 [Worker-53] WARN  o.e.m.c.i.embedder.EclipseLogger - Using platform encoding (Cp1252 actually) to copy filtered resources, i.e. build is platform dependent!
2016-04-20 10:15:16,857 [Worker-53] INFO  o.e.m.c.i.embedder.EclipseLogger - skip non existing resourceDirectory F:\ja\www\workspacesDev\peruInka2\pe.com.peru.inka-webapp\src\test\resources
2016-04-20 10:16:58,468 [Worker-63] INFO  o.e.m.c.i.embedder.EclipseLogger - Using 'UTF-8' encoding to copy filtered resources.
2016-04-20 10:16:58,468 [Worker-63] INFO  o.e.m.c.i.embedder.EclipseLogger - Copying 0 resource
2016-04-20 10:16:58,468 [Worker-63] INFO  o.e.m.c.i.embedder.EclipseLogger - Using 'UTF-8' encoding to copy filtered resources.
2016-04-20 10:16:58,468 [Worker-63] INFO  o.e.m.c.i.embedder.EclipseLogger - Copying 0 resource
2016-04-20 10:17:57,955 [Worker-53] WARN  o.e.m.c.i.embedder.EclipseLogger - Using platform encoding (Cp1252 actually) to copy filtered resources, i.e. build is platform dependent!
2016-04-20 10:17:57,955 [Worker-53] INFO  o.e.m.c.i.embedder.EclipseLogger - Copying 0 resource
2016-04-20 10:17:57,955 [Worker-53] WARN  o.e.m.c.i.embedder.EclipseLogger - Using platform encoding (Cp1252 actually) to copy filtered resources, i.e. build is platform dependent!
2016-04-20 10:17:57,955 [Worker-53] INFO  o.e.m.c.i.embedder.EclipseLogger - skip non existing resourceDirectory F:\ja\www\workspacesDev\peruInka2\pe.com.peru.inka-webapp\src\test\resources
2016-04-20 10:19:38,456 [Worker-65] INFO  o.e.m.c.i.e.AbstractTransferListenerAdapter - Downloaded https://repo.maven.apache.org/maven2/javax/servlet/servlet-api/2.4/servlet-api-2.4-sources.jar
2016-04-20 10:19:38,487 [Worker-65] ERROR o.e.m.j.internal.DownloadSourcesJob - Could not download sources for javax.servlet:servlet-api:2.4
org.eclipse.core.runtime.CoreException: Could not resolve artifact javax.servlet:servlet-api:jar:sources:2.4
	at org.eclipse.m2e.core.internal.embedder.MavenImpl$5.call(MavenImpl.java:776) ~[org.eclipse.m2e.core_1.6.1.20150625-2338.jar:na]
	at org.eclipse.m2e.core.internal.embedder.MavenImpl$5.call(MavenImpl.java:1) ~[org.eclipse.m2e.core_1.6.1.20150625-2338.jar:na]
	at org.eclipse.m2e.core.internal.embedder.MavenExecutionContext.executeBare(MavenExecutionContext.java:176) [org.eclipse.m2e.core_1.6.1.20150625-2338.jar:na]
	at org.eclipse.m2e.core.internal.embedder.MavenExecutionContext.execute(MavenExecutionContext.java:112) [org.eclipse.m2e.core_1.6.1.20150625-2338.jar:na]
	at org.eclipse.m2e.core.internal.embedder.MavenExecutionContext.execute(MavenExecutionContext.java:99) [org.eclipse.m2e.core_1.6.1.20150625-2338.jar:na]
	at org.eclipse.m2e.core.internal.embedder.MavenImpl.resolve(MavenImpl.java:743) [org.eclipse.m2e.core_1.6.1.20150625-2338.jar:na]
	at org.eclipse.m2e.core.internal.embedder.MavenImpl.resolve(MavenImpl.java:720) [org.eclipse.m2e.core_1.6.1.20150625-2338.jar:na]
	at org.eclipse.m2e.jdt.internal.DownloadSourcesJob.download(DownloadSourcesJob.java:244) [org.eclipse.m2e.jdt_1.6.1.20150625-2338.jar:na]
	at org.eclipse.m2e.jdt.internal.DownloadSourcesJob.downloadAttachments(DownloadSourcesJob.java:223) [org.eclipse.m2e.jdt_1.6.1.20150625-2338.jar:na]
	at org.eclipse.m2e.jdt.internal.DownloadSourcesJob.downloadMaven(DownloadSourcesJob.java:197) [org.eclipse.m2e.jdt_1.6.1.20150625-2338.jar:na]
	at org.eclipse.m2e.jdt.internal.DownloadSourcesJob.run(DownloadSourcesJob.java:153) [org.eclipse.m2e.jdt_1.6.1.20150625-2338.jar:na]
	at org.eclipse.m2e.jdt.internal.DownloadSourcesJob$1.call(DownloadSourcesJob.java:136) [org.eclipse.m2e.jdt_1.6.1.20150625-2338.jar:na]
	at org.eclipse.m2e.jdt.internal.DownloadSourcesJob$1.call(DownloadSourcesJob.java:1) [org.eclipse.m2e.jdt_1.6.1.20150625-2338.jar:na]
	at org.eclipse.m2e.core.internal.embedder.MavenExecutionContext.executeBare(MavenExecutionContext.java:176) [org.eclipse.m2e.core_1.6.1.20150625-2338.jar:na]
	at org.eclipse.m2e.core.internal.embedder.MavenExecutionContext.execute(MavenExecutionContext.java:151) [org.eclipse.m2e.core_1.6.1.20150625-2338.jar:na]
	at org.eclipse.m2e.core.internal.embedder.MavenExecutionContext.execute(MavenExecutionContext.java:99) [org.eclipse.m2e.core_1.6.1.20150625-2338.jar:na]
	at org.eclipse.m2e.core.internal.embedder.MavenImpl.execute(MavenImpl.java:1355) [org.eclipse.m2e.core_1.6.1.20150625-2338.jar:na]
	at org.eclipse.m2e.jdt.internal.DownloadSourcesJob.run(DownloadSourcesJob.java:134) [org.eclipse.m2e.jdt_1.6.1.20150625-2338.jar:na]
	at org.eclipse.core.internal.jobs.Worker.run(Worker.java:55) [org.eclipse.core.jobs_3.7.0.v20150330-2103.jar:na]
2016-04-20 10:19:38,784 [Worker-68] WARN  o.e.m.c.i.embedder.EclipseLogger - Using platform encoding (Cp1252 actually) to copy filtered resources, i.e. build is platform dependent!
2016-04-20 10:19:38,784 [Worker-68] INFO  o.e.m.c.i.embedder.EclipseLogger - Copying 0 resource
2016-04-20 10:19:38,784 [Worker-68] WARN  o.e.m.c.i.embedder.EclipseLogger - Using platform encoding (Cp1252 actually) to copy filtered resources, i.e. build is platform dependent!
2016-04-20 10:19:38,784 [Worker-68] INFO  o.e.m.c.i.embedder.EclipseLogger - skip non existing resourceDirectory F:\ja\www\workspacesDev\peruInka2\pe.com.peru.inka-webapp\src\test\resources
2016-04-20 10:22:08,844 [Worker-69] WARN  o.e.m.c.i.embedder.EclipseLogger - Using platform encoding (Cp1252 actually) to copy filtered resources, i.e. build is platform dependent!
2016-04-20 10:22:08,844 [Worker-69] INFO  o.e.m.c.i.embedder.EclipseLogger - Copying 0 resource
2016-04-20 10:22:08,844 [Worker-69] WARN  o.e.m.c.i.embedder.EclipseLogger - Using platform encoding (Cp1252 actually) to copy filtered resources, i.e. build is platform dependent!
2016-04-20 10:22:08,844 [Worker-69] INFO  o.e.m.c.i.embedder.EclipseLogger - skip non existing resourceDirectory F:\ja\www\workspacesDev\peruInka2\pe.com.peru.inka-webapp\src\test\resources
2016-04-20 10:22:29,453 [Worker-66] INFO  o.e.m.c.i.embedder.EclipseLogger - Using 'UTF-8' encoding to copy filtered resources.
2016-04-20 10:22:29,453 [Worker-66] INFO  o.e.m.c.i.embedder.EclipseLogger - Copying 0 resource
2016-04-20 10:22:29,453 [Worker-66] INFO  o.e.m.c.i.embedder.EclipseLogger - Using 'UTF-8' encoding to copy filtered resources.
2016-04-20 10:22:29,453 [Worker-66] INFO  o.e.m.c.i.embedder.EclipseLogger - Copying 0 resource
2016-04-20 10:22:29,516 [Worker-66] WARN  o.e.m.c.i.embedder.EclipseLogger - Using platform encoding (Cp1252 actually) to copy filtered resources, i.e. build is platform dependent!
2016-04-20 10:22:29,516 [Worker-66] INFO  o.e.m.c.i.embedder.EclipseLogger - Copying 0 resource
2016-04-20 10:22:29,516 [Worker-66] WARN  o.e.m.c.i.embedder.EclipseLogger - Using platform encoding (Cp1252 actually) to copy filtered resources, i.e. build is platform dependent!
2016-04-20 10:22:29,516 [Worker-66] INFO  o.e.m.c.i.embedder.EclipseLogger - skip non existing resourceDirectory F:\ja\www\workspacesDev\peruInka2\pe.com.peru.inka-webapp\src\test\resources
2016-04-20 10:25:50,329 [Worker-69] INFO  o.e.m.c.i.embedder.EclipseLogger - Using 'UTF-8' encoding to copy filtered resources.
2016-04-20 10:25:50,329 [Worker-69] INFO  o.e.m.c.i.embedder.EclipseLogger - Copying 0 resource
2016-04-20 10:25:50,329 [Worker-69] INFO  o.e.m.c.i.embedder.EclipseLogger - Using 'UTF-8' encoding to copy filtered resources.
2016-04-20 10:25:50,329 [Worker-69] INFO  o.e.m.c.i.embedder.EclipseLogger - Copying 0 resource
2016-04-20 10:25:53,829 [Worker-66] WARN  o.e.m.c.i.embedder.EclipseLogger - Using platform encoding (Cp1252 actually) to copy filtered resources, i.e. build is platform dependent!
2016-04-20 10:25:53,829 [Worker-66] INFO  o.e.m.c.i.embedder.EclipseLogger - Copying 0 resource
2016-04-20 10:25:53,829 [Worker-66] WARN  o.e.m.c.i.embedder.EclipseLogger - Using platform encoding (Cp1252 actually) to copy filtered resources, i.e. build is platform dependent!
2016-04-20 10:25:53,829 [Worker-66] INFO  o.e.m.c.i.embedder.EclipseLogger - skip non existing resourceDirectory F:\ja\www\workspacesDev\peruInka2\pe.com.peru.inka-webapp\src\test\resources
2016-04-20 10:25:53,829 [Worker-66] INFO  o.e.m.w.i.f.ResourceFilteringBuildParticipant - Changed resources require a complete clean of filtered resources of pe.com.peru.inka-webapp
2016-04-20 10:25:53,829 [Worker-66] INFO  o.e.m.w.i.f.ResourceFilteringBuildParticipant - Executing resource filtering for pe.com.peru.inka-webapp
2016-04-20 10:25:53,844 [Worker-66] WARN  o.e.m.c.i.embedder.EclipseLogger - Using platform encoding (Cp1252 actually) to copy filtered resources, i.e. build is platform dependent!
2016-04-20 10:26:08,313 [Worker-71] INFO  o.e.m.i.launch.MavenLaunchDelegate - F:\ja\www\workspacesDev\peruInka2\pe.com.peru.inka-core
2016-04-20 10:26:08,313 [Worker-71] INFO  o.e.m.i.launch.MavenLaunchDelegate -  mvn  -B clean
2016-04-20 10:26:10,547 [Worker-65] INFO  o.e.m.c.i.embedder.EclipseLogger - Using 'UTF-8' encoding to copy filtered resources.
2016-04-20 10:26:10,547 [Worker-65] INFO  o.e.m.c.i.embedder.EclipseLogger - Copying 0 resource
2016-04-20 10:26:10,547 [Worker-65] INFO  o.e.m.c.i.embedder.EclipseLogger - Using 'UTF-8' encoding to copy filtered resources.
2016-04-20 10:26:10,547 [Worker-65] INFO  o.e.m.c.i.embedder.EclipseLogger - Copying 0 resource
2016-04-20 10:26:16,781 [Worker-72] INFO  o.e.m.i.launch.MavenLaunchDelegate - F:\ja\www\workspacesDev\peruInka2\pe.com.peru.inka-webapp
2016-04-20 10:26:16,781 [Worker-72] INFO  o.e.m.i.launch.MavenLaunchDelegate -  mvn  -B clean
2016-04-20 10:26:18,594 [Worker-73] WARN  o.e.m.c.i.embedder.EclipseLogger - Using platform encoding (Cp1252 actually) to copy filtered resources, i.e. build is platform dependent!
2016-04-20 10:26:18,594 [Worker-73] INFO  o.e.m.c.i.embedder.EclipseLogger - Copying 0 resource
2016-04-20 10:26:18,594 [Worker-73] WARN  o.e.m.c.i.embedder.EclipseLogger - Using platform encoding (Cp1252 actually) to copy filtered resources, i.e. build is platform dependent!
2016-04-20 10:26:18,594 [Worker-73] INFO  o.e.m.c.i.embedder.EclipseLogger - skip non existing resourceDirectory F:\ja\www\workspacesDev\peruInka2\pe.com.peru.inka-webapp\src\test\resources
2016-04-20 10:26:18,594 [Worker-73] INFO  o.e.m.w.i.f.ResourceFilteringBuildParticipant - Changed resources require a complete clean of filtered resources of pe.com.peru.inka-webapp
2016-04-20 10:26:18,594 [Worker-73] INFO  o.e.m.w.i.f.ResourceFilteringBuildParticipant - Executing resource filtering for pe.com.peru.inka-webapp
2016-04-20 10:26:18,594 [Worker-73] WARN  o.e.m.c.i.embedder.EclipseLogger - Using platform encoding (Cp1252 actually) to copy filtered resources, i.e. build is platform dependent!
2016-04-20 10:26:24,657 [main] INFO  o.e.m2e.actions.ExecutePomAction - Using existing launch configuration
2016-04-20 10:26:24,704 [Worker-74] INFO  o.e.m.i.launch.MavenLaunchDelegate - F:\ja\www\workspacesDev\peruInka2\pe.com.peru.inka-core
2016-04-20 10:26:24,719 [Worker-74] INFO  o.e.m.i.launch.MavenLaunchDelegate -  mvn  -B -Dmaven.test.skip=true -DskipTests clean install
2016-04-20 10:26:36,066 [main] INFO  o.e.m2e.actions.ExecutePomAction - Using existing launch configuration
2016-04-20 10:26:36,113 [Worker-65] INFO  o.e.m.i.launch.MavenLaunchDelegate - F:\ja\www\workspacesDev\peruInka2\pe.com.peru.inka-webapp
2016-04-20 10:26:36,113 [Worker-65] INFO  o.e.m.i.launch.MavenLaunchDelegate -  mvn  -B clean install
2016-04-20 10:28:40,906 [Worker-65] WARN  o.e.m.c.i.embedder.EclipseLogger - Using platform encoding (Cp1252 actually) to copy filtered resources, i.e. build is platform dependent!
2016-04-20 10:28:40,906 [Worker-65] INFO  o.e.m.c.i.embedder.EclipseLogger - Copying 0 resource
2016-04-20 10:28:40,921 [Worker-65] WARN  o.e.m.c.i.embedder.EclipseLogger - Using platform encoding (Cp1252 actually) to copy filtered resources, i.e. build is platform dependent!
2016-04-20 10:28:40,921 [Worker-65] INFO  o.e.m.c.i.embedder.EclipseLogger - skip non existing resourceDirectory F:\ja\www\workspacesDev\peruInka2\pe.com.peru.inka-webapp\src\test\resources
